<?xml version="1.0" encoding="UTF-8"?>
<testng-results total="1" passed="1" failed="0" skipped="0">
  <reporter-output>
  </reporter-output>
  <suite started-at="2022-03-07T07:43:09Z" name="test suite" finished-at="2022-03-07T07:43:34Z" duration-ms="24807">
    <groups>
      <group name="cucumber">
        <method signature="AbstractTestNGCucumberTests.runScenario(io.cucumber.testng.PickleWrapper, io.cucumber.testng.FeatureWrapper)[pri:0, instance:com.test.testrunner.BaseRunner@152aa092]" name="runScenario" class="io.cucumber.testng.AbstractTestNGCucumberTests"/>
      </group> <!-- cucumber -->
    </groups>
    <test started-at="2022-03-07T07:43:09Z" name="Tests" finished-at="2022-03-07T07:43:34Z" duration-ms="24807">
      <class name="com.test.testrunner.BaseRunner">
        <test-method is-config="true" signature="setEnvDetails(java.lang.String, java.lang.String)[pri:0, instance:com.test.testrunner.BaseRunner@152aa092]" started-at="2022-03-07T13:13:09Z" name="setEnvDetails" finished-at="2022-03-07T13:13:09Z" duration-ms="143" status="PASS">
          <params>
            <param index="0">
              <value>
                <![CDATA[Chrome]]>
              </value>
            </param>
            <param index="1">
              <value>
                <![CDATA[qa]]>
              </value>
            </param>
          </params>
          <reporter-output>
          </reporter-output>
        </test-method> <!-- setEnvDetails -->
        <test-method is-config="true" signature="setUpClass()[pri:0, instance:com.test.testrunner.BaseRunner@152aa092]" started-at="2022-03-07T13:13:09Z" name="setUpClass" finished-at="2022-03-07T13:13:10Z" duration-ms="653" status="PASS">
          <reporter-output>
          </reporter-output>
        </test-method> <!-- setUpClass -->
        <test-method signature="runScenario(io.cucumber.testng.PickleWrapper, io.cucumber.testng.FeatureWrapper)[pri:0, instance:com.test.testrunner.BaseRunner@152aa092]" started-at="2022-03-07T13:13:10Z" name="runScenario" description="Runs Cucumber Scenarios" data-provider="scenarios" finished-at="2022-03-07T13:13:34Z" duration-ms="23694" status="PASS">
          <params>
            <param index="0">
              <value>
                <![CDATA["Contact Form Check"]]>
              </value>
            </param>
            <param index="1">
              <value>
                <![CDATA["Optional[Home Page Functionality Check]"]]>
              </value>
            </param>
          </params>
          <reporter-output>
          </reporter-output>
        </test-method> <!-- runScenario -->
        <test-method is-config="true" signature="tearDownClass()[pri:0, instance:com.test.testrunner.BaseRunner@152aa092]" started-at="2022-03-07T13:13:34Z" name="tearDownClass" finished-at="2022-03-07T13:13:34Z" duration-ms="303" status="PASS">
          <reporter-output>
          </reporter-output>
        </test-method> <!-- tearDownClass -->
      </class> <!-- com.test.testrunner.BaseRunner -->
    </test> <!-- Tests -->
  </suite> <!-- test suite -->
</testng-results>
